2024-11-05 00:28:42,041 - recommendation-api - INFO - Starting recommendation server...
2024-11-05 00:28:42,041 - recommendation-api - INFO - Ensured directory exists: /home/jovyan/recommend_server/logs
2024-11-05 00:28:42,042 - recommendation-api - INFO - Ensured directory exists: /home/jovyan/recommend_server/data/preprocessed
2024-11-05 00:28:42,043 - recommendation-api - INFO - Ensured directory exists: /home/jovyan/recommend_server/experiments/best_model
2024-11-05 00:28:42,043 - recommendation-api - INFO - Ensured directory exists: /home/jovyan/recommend_server/data/similarities
2024-11-05 00:28:45,931 - recommendation-api - INFO - Starting recommendation server...
2024-11-05 00:28:45,931 - recommendation-api - INFO - Starting recommendation server...
2024-11-05 01:19:56,589 - recommendation-api - INFO - Starting recommendation server...
2024-11-05 01:19:56,612 - recommendation-api - INFO - Shutting down recommendation server...
2024-11-05 01:20:07,201 - recommendation-api - INFO - Shutting down recommendation server...
2024-11-05 01:20:07,201 - recommendation-api - INFO - Shutting down recommendation server...
2024-11-05 01:20:11,383 - recommendation-api - INFO - Starting recommendation server...
2024-11-05 01:20:13,410 - recommendation-api - INFO - Shutting down recommendation server...
2024-11-05 01:21:08,155 - recommendation-api - INFO - Starting recommendation server...
2024-11-05 01:21:11,888 - recommendation-api - INFO - Shutting down recommendation server...
2024-11-05 01:28:34,106 - recommendation-api - INFO - Starting recommendation server...
2024-11-05 01:28:34,107 - recommendation-api - INFO - Ensured directory exists: /home/jovyan/recommend_server/logs
2024-11-05 01:28:34,108 - recommendation-api - INFO - Ensured directory exists: /home/jovyan/recommend_server/data/preprocessed
2024-11-05 01:28:34,109 - recommendation-api - INFO - Ensured directory exists: /home/jovyan/recommend_server/experiments/best_model
2024-11-05 01:28:34,110 - recommendation-api - INFO - Ensured directory exists: /home/jovyan/recommend_server/data/similarities
2024-11-05 01:28:37,980 - recommendation-api - INFO - Starting recommendation server...
2024-11-05 01:28:37,980 - recommendation-api - INFO - Starting recommendation server...
2024-11-05 04:37:31,007 - recommendation-api - INFO - Shutting down recommendation server...
2024-11-05 04:37:31,007 - recommendation-api - INFO - Shutting down recommendation server...
