2024-11-04 03:55:59,660 - recommendation-api - INFO - Starting recommendation server...
2024-11-04 03:55:59,661 - recommendation-api - INFO - Ensured directory exists: /home/jovyan/recommend_server/logs
2024-11-04 03:55:59,662 - recommendation-api - INFO - Ensured directory exists: /home/jovyan/recommend_server/data/preprocessed
2024-11-04 03:55:59,663 - recommendation-api - INFO - Ensured directory exists: /home/jovyan/recommend_server/experiments/best_model
2024-11-04 03:55:59,674 - recommendation-api - INFO - Ensured directory exists: /home/jovyan/recommend_server/data/similarities
2024-11-04 03:56:01,803 - recommendation-api - INFO - Starting recommendation server...
2024-11-04 03:56:01,803 - recommendation-api - INFO - Starting recommendation server...
2024-11-04 04:00:48,522 - recommendation-api - INFO - Shutting down recommendation server...
2024-11-04 04:00:48,522 - recommendation-api - INFO - Shutting down recommendation server...
2024-11-04 04:00:51,520 - recommendation-api - INFO - Starting recommendation server...
2024-11-04 04:00:51,520 - recommendation-api - INFO - Ensured directory exists: /home/jovyan/recommend_server/logs
2024-11-04 04:00:51,521 - recommendation-api - INFO - Ensured directory exists: /home/jovyan/recommend_server/data/preprocessed
2024-11-04 04:00:51,522 - recommendation-api - INFO - Ensured directory exists: /home/jovyan/recommend_server/experiments/best_model
2024-11-04 04:00:51,523 - recommendation-api - INFO - Ensured directory exists: /home/jovyan/recommend_server/data/similarities
2024-11-04 04:00:52,525 - recommendation-api - INFO - Starting recommendation server...
2024-11-04 04:00:52,525 - recommendation-api - INFO - Starting recommendation server...
2024-11-04 04:04:20,378 - recommendation-api - INFO - Shutting down recommendation server...
2024-11-04 04:04:20,378 - recommendation-api - INFO - Shutting down recommendation server...
2024-11-04 04:34:39,145 - recommendation-api - INFO - Starting recommendation server...
2024-11-04 04:34:39,146 - recommendation-api - INFO - Ensured directory exists: /home/jovyan/recommend_server/logs
2024-11-04 04:34:39,157 - recommendation-api - INFO - Ensured directory exists: /home/jovyan/recommend_server/data/preprocessed
2024-11-04 04:34:39,167 - recommendation-api - INFO - Ensured directory exists: /home/jovyan/recommend_server/experiments/best_model
2024-11-04 04:34:39,168 - recommendation-api - INFO - Ensured directory exists: /home/jovyan/recommend_server/data/similarities
2024-11-04 04:34:42,310 - recommendation-api - INFO - Starting recommendation server...
2024-11-04 04:34:42,310 - recommendation-api - INFO - Starting recommendation server...
2024-11-04 04:35:10,280 - recommendation-api - INFO - Shutting down recommendation server...
2024-11-04 04:35:10,280 - recommendation-api - INFO - Shutting down recommendation server...
2024-11-04 05:23:04,592 - recommendation-api - INFO - Starting recommendation server...
2024-11-04 05:23:04,593 - recommendation-api - INFO - Ensured directory exists: /home/jovyan/recommend_server/logs
2024-11-04 05:23:04,594 - recommendation-api - INFO - Ensured directory exists: /home/jovyan/recommend_server/data/preprocessed
2024-11-04 05:23:04,595 - recommendation-api - INFO - Ensured directory exists: /home/jovyan/recommend_server/experiments/best_model
2024-11-04 05:23:04,596 - recommendation-api - INFO - Ensured directory exists: /home/jovyan/recommend_server/data/similarities
2024-11-04 05:23:06,218 - recommendation-api - INFO - Starting recommendation server...
2024-11-04 05:23:06,218 - recommendation-api - INFO - Starting recommendation server...
2024-11-04 05:24:02,547 - recommendation-api - INFO - Shutting down recommendation server...
2024-11-04 05:24:02,547 - recommendation-api - INFO - Shutting down recommendation server...
2024-11-04 05:24:50,508 - recommendation-api - INFO - Starting recommendation server...
2024-11-04 05:24:50,508 - recommendation-api - INFO - Ensured directory exists: /home/jovyan/recommend_server/logs
2024-11-04 05:24:50,509 - recommendation-api - INFO - Ensured directory exists: /home/jovyan/recommend_server/data/preprocessed
2024-11-04 05:24:50,510 - recommendation-api - INFO - Ensured directory exists: /home/jovyan/recommend_server/experiments/best_model
2024-11-04 05:24:50,520 - recommendation-api - INFO - Ensured directory exists: /home/jovyan/recommend_server/data/similarities
2024-11-04 05:24:53,099 - recommendation-api - INFO - Starting recommendation server...
2024-11-04 05:24:53,099 - recommendation-api - INFO - Starting recommendation server...
2024-11-04 05:25:39,699 - recommendation-api - INFO - Shutting down recommendation server...
2024-11-04 05:25:39,699 - recommendation-api - INFO - Shutting down recommendation server...
2024-11-04 08:59:22,910 - recommendation-api - INFO - Starting recommendation server...
2024-11-04 08:59:22,910 - recommendation-api - INFO - Ensured directory exists: /home/jovyan/recommend_server/logs
2024-11-04 08:59:22,911 - recommendation-api - INFO - Ensured directory exists: /home/jovyan/recommend_server/data/preprocessed
2024-11-04 08:59:22,912 - recommendation-api - INFO - Ensured directory exists: /home/jovyan/recommend_server/experiments/best_model
2024-11-04 08:59:22,923 - recommendation-api - INFO - Ensured directory exists: /home/jovyan/recommend_server/data/similarities
2024-11-04 08:59:25,350 - recommendation-api - INFO - Starting recommendation server...
2024-11-04 08:59:25,350 - recommendation-api - INFO - Starting recommendation server...
2024-11-04 08:59:28,577 - recommendation-api - INFO - Shutting down recommendation server...
2024-11-04 08:59:28,577 - recommendation-api - INFO - Shutting down recommendation server...
2024-11-04 09:09:30,438 - recommendation-api - INFO - Starting recommendation server...
2024-11-04 09:09:30,439 - recommendation-api - INFO - Ensured directory exists: /home/jovyan/recommend_server/logs
2024-11-04 09:09:30,439 - recommendation-api - INFO - Ensured directory exists: /home/jovyan/recommend_server/data/preprocessed
2024-11-04 09:09:30,440 - recommendation-api - INFO - Ensured directory exists: /home/jovyan/recommend_server/experiments/best_model
2024-11-04 09:09:30,441 - recommendation-api - INFO - Ensured directory exists: /home/jovyan/recommend_server/data/similarities
2024-11-04 09:09:31,292 - recommendation-api - INFO - Starting recommendation server...
2024-11-04 09:09:31,292 - recommendation-api - INFO - Starting recommendation server...
2024-11-04 09:09:32,317 - recommendation-api - INFO - Shutting down recommendation server...
2024-11-04 09:09:32,317 - recommendation-api - INFO - Shutting down recommendation server...
